<?xml version="1.0" encoding="UTF-8"?>
<testng-results ignored="0" total="1" passed="1" failed="0" skipped="0">
  <reporter-output>
  </reporter-output>
  <suite started-at="2022-12-05T21:14:57 IST" name="Suite" finished-at="2022-12-05T21:15:21 IST" duration-ms="24014">
    <groups>
    </groups>
    <test started-at="2022-12-05T21:14:57 IST" name="Test" finished-at="2022-12-05T21:15:21 IST" duration-ms="24014">
      <class name="testCases.TC_003_CreateUsersTest">
        <test-method is-config="true" signature="setUp(java.lang.String)[pri:0, instance:testCases.TC_003_CreateUsersTest@173ed316]" started-at="2022-12-05T21:14:57 IST" name="setUp" finished-at="2022-12-05T21:15:01 IST" duration-ms="3805" status="PASS">
          <params>
            <param index="0">
              <value>
                <![CDATA[chrome]]>
              </value>
            </param>
          </params>
          <reporter-output>
          </reporter-output>
        </test-method> <!-- setUp -->
        <test-method signature="createoffice()[pri:0, instance:testCases.TC_003_CreateUsersTest@173ed316]" started-at="2022-12-05T21:15:01 IST" name="createoffice" finished-at="2022-12-05T21:15:21 IST" duration-ms="19825" status="PASS">
          <reporter-output>
          </reporter-output>
        </test-method> <!-- createoffice -->
        <test-method is-config="true" signature="teatDown()[pri:0, instance:testCases.TC_003_CreateUsersTest@173ed316]" started-at="2022-12-05T21:15:21 IST" name="teatDown" finished-at="2022-12-05T21:15:21 IST" duration-ms="183" status="PASS">
          <reporter-output>
          </reporter-output>
        </test-method> <!-- teatDown -->
      </class> <!-- testCases.TC_003_CreateUsersTest -->
    </test> <!-- Test -->
  </suite> <!-- Suite -->
</testng-results>
